<?xml version="1.0" encoding="UTF-8"?>
<coverage generated="1505827784292" clover="3.2.0">
  <project timestamp="1505827784293" name="All files">
    <metrics statements="108" coveredstatements="71" conditionals="31" coveredconditionals="11" methods="57" coveredmethods="33" elements="196" coveredelements="115" complexity="0" loc="108" ncloc="108" packages="1" files="12" classes="12">
      <file name="App.js" path="/home/wellingtonbarbosa/dev/udacity-react-nanodegree/reactnd-project-myreads-starter/src/App.js">
        <metrics statements="22" coveredstatements="22" conditionals="2" coveredconditionals="2" methods="13" coveredmethods="13"/>
        <line num="8" count="1" type="stmt"/>
        <line num="25" count="5" type="stmt"/>
        <line num="26" count="5" type="stmt"/>
        <line num="27" count="5" type="stmt"/>
        <line num="32" count="9" type="stmt"/>
        <line num="33" count="9" type="stmt"/>
        <line num="34" count="9" type="stmt"/>
        <line num="35" count="9" type="stmt"/>
        <line num="39" count="4" type="stmt"/>
        <line num="41" count="4" type="stmt"/>
        <line num="43" count="4" type="cond" truecount="2" falsecount="0"/>
        <line num="44" count="2" type="stmt"/>
        <line num="45" count="2" type="stmt"/>
        <line num="47" count="2" type="stmt"/>
        <line num="50" count="4" type="stmt"/>
        <line num="52" count="4" type="stmt"/>
        <line num="54" count="4" type="stmt"/>
        <line num="64" count="47" type="stmt"/>
        <line num="66" count="47" type="stmt"/>
        <line num="69" count="20" type="stmt"/>
        <line num="77" count="26" type="stmt"/>
        <line num="81" count="1" type="stmt"/>
      </file>
      <file name="Book.js" path="/home/wellingtonbarbosa/dev/udacity-react-nanodegree/reactnd-project-myreads-starter/src/Book.js">
        <metrics statements="23" coveredstatements="12" conditionals="19" coveredconditionals="6" methods="9" coveredmethods="5"/>
        <line num="20" count="3" type="stmt"/>
        <line num="24" count="3" type="stmt"/>
        <line num="25" count="3" type="stmt"/>
        <line num="26" count="3" type="stmt"/>
        <line num="28" count="3" type="stmt"/>
        <line num="30" count="3" type="cond" truecount="2" falsecount="3"/>
        <line num="31" count="0" type="stmt"/>
        <line num="32" count="0" type="stmt"/>
        <line num="33" count="0" type="stmt"/>
        <line num="35" count="0" type="cond" truecount="0" falsecount="2"/>
        <line num="36" count="0" type="stmt"/>
        <line num="37" count="0" type="cond" truecount="0" falsecount="2"/>
        <line num="38" count="0" type="stmt"/>
        <line num="39" count="0" type="cond" truecount="0" falsecount="2"/>
        <line num="40" count="0" type="stmt"/>
        <line num="44" count="3" type="stmt"/>
        <line num="48" count="0" type="stmt"/>
        <line num="52" count="10" type="cond" truecount="2" falsecount="2"/>
        <line num="53" count="0" type="stmt"/>
        <line num="55" count="10" type="stmt"/>
        <line num="61" count="10" type="stmt"/>
        <line num="63" count="10" type="stmt"/>
        <line num="74" count="10" type="stmt"/>
      </file>
      <file name="BookList.js" path="/home/wellingtonbarbosa/dev/udacity-react-nanodegree/reactnd-project-myreads-starter/src/BookList.js">
        <metrics statements="4" coveredstatements="3" conditionals="0" coveredconditionals="0" methods="2" coveredmethods="1"/>
        <line num="7" count="1" type="stmt"/>
        <line num="20" count="0" type="stmt"/>
        <line num="30" count="20" type="stmt"/>
        <line num="32" count="20" type="stmt"/>
      </file>
      <file name="BooksAPI.js" path="/home/wellingtonbarbosa/dev/udacity-react-nanodegree/reactnd-project-myreads-starter/src/BooksAPI.js">
        <metrics statements="22" coveredstatements="16" conditionals="2" coveredconditionals="1" methods="12" coveredmethods="6"/>
        <line num="2" count="1" type="stmt"/>
        <line num="6" count="1" type="stmt"/>
        <line num="7" count="1" type="stmt"/>
        <line num="8" count="1" type="cond" truecount="1" falsecount="1"/>
        <line num="9" count="1" type="stmt"/>
        <line num="11" count="1" type="stmt"/>
        <line num="14" count="1" type="stmt"/>
        <line num="19" count="1" type="stmt"/>
        <line num="20" count="0" type="stmt"/>
        <line num="21" count="0" type="stmt"/>
        <line num="22" count="0" type="stmt"/>
        <line num="24" count="1" type="stmt"/>
        <line num="25" count="9" type="stmt"/>
        <line num="26" count="9" type="stmt"/>
        <line num="27" count="9" type="stmt"/>
        <line num="29" count="1" type="stmt"/>
        <line num="30" count="4" type="stmt"/>
        <line num="37" count="4" type="stmt"/>
        <line num="39" count="1" type="stmt"/>
        <line num="40" count="0" type="stmt"/>
        <line num="47" count="0" type="stmt"/>
        <line num="48" count="0" type="stmt"/>
      </file>
      <file name="BooksGrid.js" path="/home/wellingtonbarbosa/dev/udacity-react-nanodegree/reactnd-project-myreads-starter/src/BooksGrid.js">
        <metrics statements="4" coveredstatements="3" conditionals="0" coveredconditionals="0" methods="3" coveredmethods="2"/>
        <line num="16" count="0" type="stmt"/>
        <line num="26" count="36" type="stmt"/>
        <line num="28" count="36" type="stmt"/>
        <line num="31" count="10" type="stmt"/>
      </file>
      <file name="Bookshelf.js" path="/home/wellingtonbarbosa/dev/udacity-react-nanodegree/reactnd-project-myreads-starter/src/Bookshelf.js">
        <metrics statements="3" coveredstatements="2" conditionals="0" coveredconditionals="0" methods="2" coveredmethods="1"/>
        <line num="14" count="0" type="stmt"/>
        <line num="19" count="10" type="stmt"/>
        <line num="21" count="10" type="stmt"/>
      </file>
      <file name="BookshelfChanger.js" path="/home/wellingtonbarbosa/dev/udacity-react-nanodegree/reactnd-project-myreads-starter/src/BookshelfChanger.js">
        <metrics statements="4" coveredstatements="2" conditionals="0" coveredconditionals="0" methods="2" coveredmethods="1"/>
        <line num="12" count="0" type="stmt"/>
        <line num="13" count="0" type="stmt"/>
        <line num="17" count="10" type="stmt"/>
        <line num="18" count="10" type="stmt"/>
      </file>
      <file name="If.js" path="/home/wellingtonbarbosa/dev/udacity-react-nanodegree/reactnd-project-myreads-starter/src/If.js">
        <metrics statements="1" coveredstatements="1" conditionals="2" coveredconditionals="2" methods="1" coveredmethods="1"/>
        <line num="1" count="54" type="cond" truecount="2" falsecount="0"/>
      </file>
      <file name="SearchBooks.js" path="/home/wellingtonbarbosa/dev/udacity-react-nanodegree/reactnd-project-myreads-starter/src/SearchBooks.js">
        <metrics statements="13" coveredstatements="4" conditionals="4" coveredconditionals="0" methods="7" coveredmethods="1"/>
        <line num="7" count="1" type="stmt"/>
        <line num="26" count="0" type="stmt"/>
        <line num="30" count="0" type="stmt"/>
        <line num="34" count="0" type="stmt"/>
        <line num="35" count="0" type="stmt"/>
        <line num="36" count="0" type="stmt"/>
        <line num="37" count="0" type="cond" truecount="0" falsecount="4"/>
        <line num="38" count="0" type="stmt"/>
        <line num="44" count="0" type="stmt"/>
        <line num="48" count="0" type="stmt"/>
        <line num="53" count="26" type="stmt"/>
        <line num="55" count="26" type="stmt"/>
        <line num="57" count="26" type="stmt"/>
      </file>
      <file name="SearchBooksBar.js" path="/home/wellingtonbarbosa/dev/udacity-react-nanodegree/reactnd-project-myreads-starter/src/SearchBooksBar.js">
        <metrics statements="7" coveredstatements="2" conditionals="2" coveredconditionals="0" methods="4" coveredmethods="1"/>
        <line num="16" count="0" type="stmt"/>
        <line num="17" count="0" type="cond" truecount="0" falsecount="2"/>
        <line num="18" count="0" type="stmt"/>
        <line num="24" count="26" type="stmt"/>
        <line num="26" count="26" type="stmt"/>
        <line num="28" count="0" type="stmt"/>
        <line num="34" count="0" type="stmt"/>
      </file>
      <file name="SearchBooksResults.js" path="/home/wellingtonbarbosa/dev/udacity-react-nanodegree/reactnd-project-myreads-starter/src/SearchBooksResults.js">
        <metrics statements="3" coveredstatements="2" conditionals="0" coveredconditionals="0" methods="2" coveredmethods="1"/>
        <line num="16" count="0" type="stmt"/>
        <line num="26" count="26" type="stmt"/>
        <line num="28" count="26" type="stmt"/>
      </file>
      <file name="setupTests.js" path="/home/wellingtonbarbosa/dev/udacity-react-nanodegree/reactnd-project-myreads-starter/src/setupTests.js">
        <metrics statements="2" coveredstatements="2" conditionals="0" coveredconditionals="0" methods="0" coveredmethods="0"/>
        <line num="2" count="1" type="stmt"/>
        <line num="7" count="1" type="stmt"/>
      </file>
    </metrics>
  </project>
</coverage>
