{"/home/wellingtonbarbosa/dev/udacity-react-nanodegree/reactnd-project-myreads-starter/src/App.js": {"path":"/home/wellingtonbarbosa/dev/udacity-react-nanodegree/reactnd-project-myreads-starter/src/App.js","statementMap":{"0":{"start":{"line":8,"column":22},"end":{"line":12,"column":1}},"1":{"start":{"line":25,"column":4},"end":{"line":28,"column":7}},"2":{"start":{"line":26,"column":6},"end":{"line":26,"column":40}},"3":{"start":{"line":27,"column":6},"end":{"line":27,"column":30}},"4":{"start":{"line":32,"column":4},"end":{"line":32,"column":115}},"5":{"start":{"line":32,"column":65},"end":{"line":32,"column":110}},"6":{"start":{"line":33,"column":4},"end":{"line":33,"column":103}},"7":{"start":{"line":33,"column":59},"end":{"line":33,"column":98}},"8":{"start":{"line":34,"column":4},"end":{"line":34,"column":91}},"9":{"start":{"line":34,"column":53},"end":{"line":34,"column":86}},"10":{"start":{"line":35,"column":4},"end":{"line":35,"column":29}},"11":{"start":{"line":39,"column":21},"end":{"line":39,"column":72}},"12":{"start":{"line":39,"column":52},"end":{"line":39,"column":68}},"13":{"start":{"line":41,"column":19},"end":{"line":41,"column":67}},"14":{"start":{"line":41,"column":50},"end":{"line":41,"column":66}},"15":{"start":{"line":43,"column":4},"end":{"line":48,"column":5}},"16":{"start":{"line":44,"column":6},"end":{"line":44,"column":30}},"17":{"start":{"line":45,"column":6},"end":{"line":45,"column":24}},"18":{"start":{"line":47,"column":6},"end":{"line":47,"column":36}},"19":{"start":{"line":50,"column":4},"end":{"line":50,"column":30}},"20":{"start":{"line":52,"column":4},"end":{"line":52,"column":31}},"21":{"start":{"line":54,"column":4},"end":{"line":54,"column":38}},"22":{"start":{"line":64,"column":8},"end":{"line":64,"column":18}},"23":{"start":{"line":66,"column":4},"end":{"line":85,"column":6}},"24":{"start":{"line":69,"column":10},"end":{"line":74,"column":72}},"25":{"start":{"line":77,"column":10},"end":{"line":82,"column":72}},"26":{"start":{"line":81,"column":35},"end":{"line":81,"column":52}}},"fnMap":{"0":{"name":"(anonymous_0)","decl":{"start":{"line":24,"column":2},"end":{"line":24,"column":3}},"loc":{"start":{"line":24,"column":22},"end":{"line":29,"column":3}},"line":24},"1":{"name":"(anonymous_1)","decl":{"start":{"line":25,"column":27},"end":{"line":25,"column":28}},"loc":{"start":{"line":25,"column":38},"end":{"line":28,"column":5}},"line":25},"2":{"name":"(anonymous_2)","decl":{"start":{"line":31,"column":16},"end":{"line":31,"column":17}},"loc":{"start":{"line":31,"column":27},"end":{"line":36,"column":3}},"line":31},"3":{"name":"(anonymous_3)","decl":{"start":{"line":32,"column":55},"end":{"line":32,"column":56}},"loc":{"start":{"line":32,"column":65},"end":{"line":32,"column":110}},"line":32},"4":{"name":"(anonymous_4)","decl":{"start":{"line":33,"column":49},"end":{"line":33,"column":50}},"loc":{"start":{"line":33,"column":59},"end":{"line":33,"column":98}},"line":33},"5":{"name":"(anonymous_5)","decl":{"start":{"line":34,"column":43},"end":{"line":34,"column":44}},"loc":{"start":{"line":34,"column":53},"end":{"line":34,"column":86}},"line":34},"6":{"name":"(anonymous_6)","decl":{"start":{"line":38,"column":31},"end":{"line":38,"column":32}},"loc":{"start":{"line":38,"column":53},"end":{"line":55,"column":3}},"line":38},"7":{"name":"(anonymous_7)","decl":{"start":{"line":39,"column":45},"end":{"line":39,"column":46}},"loc":{"start":{"line":39,"column":52},"end":{"line":39,"column":68}},"line":39},"8":{"name":"(anonymous_8)","decl":{"start":{"line":41,"column":43},"end":{"line":41,"column":44}},"loc":{"start":{"line":41,"column":50},"end":{"line":41,"column":66}},"line":41},"9":{"name":"(anonymous_9)","decl":{"start":{"line":57,"column":2},"end":{"line":57,"column":3}},"loc":{"start":{"line":57,"column":11},"end":{"line":86,"column":3}},"line":57},"10":{"name":"(anonymous_10)","decl":{"start":{"line":68,"column":38},"end":{"line":68,"column":39}},"loc":{"start":{"line":69,"column":10},"end":{"line":74,"column":72}},"line":69},"11":{"name":"(anonymous_11)","decl":{"start":{"line":76,"column":44},"end":{"line":76,"column":45}},"loc":{"start":{"line":77,"column":10},"end":{"line":82,"column":72}},"line":77},"12":{"name":"(anonymous_12)","decl":{"start":{"line":81,"column":27},"end":{"line":81,"column":28}},"loc":{"start":{"line":81,"column":33},"end":{"line":81,"column":54}},"line":81}},"branchMap":{"0":{"loc":{"start":{"line":43,"column":4},"end":{"line":48,"column":5}},"type":"if","locations":[{"start":{"line":43,"column":4},"end":{"line":48,"column":5}},{"start":{"line":43,"column":4},"end":{"line":48,"column":5}}],"line":43}},"s":{"0":1,"1":5,"2":5,"3":5,"4":9,"5":7,"6":9,"7":7,"8":9,"9":7,"10":9,"11":4,"12":2,"13":4,"14":2,"15":4,"16":2,"17":2,"18":2,"19":4,"20":4,"21":4,"22":47,"23":47,"24":20,"25":26,"26":1},"f":{"0":5,"1":5,"2":9,"3":7,"4":7,"5":7,"6":4,"7":2,"8":2,"9":47,"10":20,"11":26,"12":1},"b":{"0":[2,2]},"_coverageSchema":"332fd63041d2c1bcb487cc26dd0d5f7d97098a6c","hash":"859839f88e52b179b2a4cca55d21e8439a03ba7d"}
,"/home/wellingtonbarbosa/dev/udacity-react-nanodegree/reactnd-project-myreads-starter/src/Book.js": {"path":"/home/wellingtonbarbosa/dev/udacity-react-nanodegree/reactnd-project-myreads-starter/src/Book.js","statementMap":{"0":{"start":{"line":20,"column":8},"end":{"line":20,"column":26}},"1":{"start":{"line":24,"column":31},"end":{"line":24,"column":56}},"2":{"start":{"line":25,"column":37},"end":{"line":25,"column":68}},"3":{"start":{"line":26,"column":25},"end":{"line":26,"column":44}},"4":{"start":{"line":28,"column":25},"end":{"line":28,"column":35}},"5":{"start":{"line":30,"column":8},"end":{"line":42,"column":9}},"6":{"start":{"line":31,"column":40},"end":{"line":31,"column":89}},"7":{"start":{"line":31,"column":69},"end":{"line":31,"column":85}},"8":{"start":{"line":32,"column":46},"end":{"line":32,"column":101}},"9":{"start":{"line":32,"column":81},"end":{"line":32,"column":97}},"10":{"start":{"line":33,"column":34},"end":{"line":33,"column":77}},"11":{"start":{"line":33,"column":57},"end":{"line":33,"column":73}},"12":{"start":{"line":35,"column":12},"end":{"line":41,"column":13}},"13":{"start":{"line":36,"column":16},"end":{"line":36,"column":57}},"14":{"start":{"line":37,"column":19},"end":{"line":41,"column":13}},"15":{"start":{"line":38,"column":16},"end":{"line":38,"column":63}},"16":{"start":{"line":39,"column":19},"end":{"line":41,"column":13}},"17":{"start":{"line":40,"column":16},"end":{"line":40,"column":51}},"18":{"start":{"line":44,"column":8},"end":{"line":44,"column":45}},"19":{"start":{"line":48,"column":8},"end":{"line":48,"column":74}},"20":{"start":{"line":52,"column":8},"end":{"line":56,"column":9}},"21":{"start":{"line":53,"column":12},"end":{"line":53,"column":57}},"22":{"start":{"line":55,"column":12},"end":{"line":55,"column":46}},"23":{"start":{"line":61,"column":32},"end":{"line":61,"column":42}},"24":{"start":{"line":63,"column":8},"end":{"line":79,"column":10}},"25":{"start":{"line":74,"column":20},"end":{"line":74,"column":77}}},"fnMap":{"0":{"name":"(anonymous_0)","decl":{"start":{"line":19,"column":4},"end":{"line":19,"column":5}},"loc":{"start":{"line":19,"column":25},"end":{"line":21,"column":5}},"line":19},"1":{"name":"(anonymous_1)","decl":{"start":{"line":23,"column":17},"end":{"line":23,"column":18}},"loc":{"start":{"line":23,"column":23},"end":{"line":45,"column":5}},"line":23},"2":{"name":"(anonymous_2)","decl":{"start":{"line":31,"column":62},"end":{"line":31,"column":63}},"loc":{"start":{"line":31,"column":69},"end":{"line":31,"column":85}},"line":31},"3":{"name":"(anonymous_3)","decl":{"start":{"line":32,"column":74},"end":{"line":32,"column":75}},"loc":{"start":{"line":32,"column":81},"end":{"line":32,"column":97}},"line":32},"4":{"name":"(anonymous_4)","decl":{"start":{"line":33,"column":50},"end":{"line":33,"column":51}},"loc":{"start":{"line":33,"column":57},"end":{"line":33,"column":73}},"line":33},"5":{"name":"(anonymous_5)","decl":{"start":{"line":47,"column":23},"end":{"line":47,"column":24}},"loc":{"start":{"line":47,"column":34},"end":{"line":49,"column":5}},"line":47},"6":{"name":"(anonymous_6)","decl":{"start":{"line":51,"column":19},"end":{"line":51,"column":20}},"loc":{"start":{"line":51,"column":29},"end":{"line":57,"column":5}},"line":51},"7":{"name":"(anonymous_7)","decl":{"start":{"line":59,"column":4},"end":{"line":59,"column":5}},"loc":{"start":{"line":59,"column":13},"end":{"line":80,"column":5}},"line":59},"8":{"name":"(anonymous_8)","decl":{"start":{"line":73,"column":64},"end":{"line":73,"column":65}},"loc":{"start":{"line":74,"column":20},"end":{"line":74,"column":77}},"line":74}},"branchMap":{"0":{"loc":{"start":{"line":30,"column":8},"end":{"line":42,"column":9}},"type":"if","locations":[{"start":{"line":30,"column":8},"end":{"line":42,"column":9}},{"start":{"line":30,"column":8},"end":{"line":42,"column":9}}],"line":30},"1":{"loc":{"start":{"line":30,"column":12},"end":{"line":30,"column":62}},"type":"binary-expr","locations":[{"start":{"line":30,"column":12},"end":{"line":30,"column":26}},{"start":{"line":30,"column":30},"end":{"line":30,"column":50}},{"start":{"line":30,"column":54},"end":{"line":30,"column":62}}],"line":30},"2":{"loc":{"start":{"line":35,"column":12},"end":{"line":41,"column":13}},"type":"if","locations":[{"start":{"line":35,"column":12},"end":{"line":41,"column":13}},{"start":{"line":35,"column":12},"end":{"line":41,"column":13}}],"line":35},"3":{"loc":{"start":{"line":37,"column":19},"end":{"line":41,"column":13}},"type":"if","locations":[{"start":{"line":37,"column":19},"end":{"line":41,"column":13}},{"start":{"line":37,"column":19},"end":{"line":41,"column":13}}],"line":37},"4":{"loc":{"start":{"line":39,"column":19},"end":{"line":41,"column":13}},"type":"if","locations":[{"start":{"line":39,"column":19},"end":{"line":41,"column":13}},{"start":{"line":39,"column":19},"end":{"line":41,"column":13}}],"line":39},"5":{"loc":{"start":{"line":52,"column":8},"end":{"line":56,"column":9}},"type":"if","locations":[{"start":{"line":52,"column":8},"end":{"line":56,"column":9}},{"start":{"line":52,"column":8},"end":{"line":56,"column":9}}],"line":52},"6":{"loc":{"start":{"line":52,"column":12},"end":{"line":52,"column":56}},"type":"binary-expr","locations":[{"start":{"line":52,"column":12},"end":{"line":52,"column":27}},{"start":{"line":52,"column":31},"end":{"line":52,"column":56}}],"line":52},"7":{"loc":{"start":{"line":69,"column":37},"end":{"line":69,"column":83}},"type":"cond-expr","locations":[{"start":{"line":69,"column":57},"end":{"line":69,"column":74}},{"start":{"line":69,"column":77},"end":{"line":69,"column":83}}],"line":69},"8":{"loc":{"start":{"line":73,"column":17},"end":{"line":76,"column":29}},"type":"cond-expr","locations":[{"start":{"line":73,"column":40},"end":{"line":75,"column":18}},{"start":{"line":76,"column":21},"end":{"line":76,"column":28}}],"line":73}},"s":{"0":3,"1":3,"2":3,"3":3,"4":3,"5":3,"6":0,"7":0,"8":0,"9":0,"10":0,"11":0,"12":0,"13":0,"14":0,"15":0,"16":0,"17":0,"18":3,"19":0,"20":10,"21":0,"22":10,"23":10,"24":10,"25":10},"f":{"0":3,"1":3,"2":0,"3":0,"4":0,"5":0,"6":10,"7":10,"8":10},"b":{"0":[0,3],"1":[3,0,0],"2":[0,0],"3":[0,0],"4":[0,0],"5":[0,10],"6":[10,0],"7":[10,0],"8":[10,0]},"_coverageSchema":"332fd63041d2c1bcb487cc26dd0d5f7d97098a6c","hash":"aa1b00b28576ce3ea3891a2ab9b1df062c50cbea"}
,"/home/wellingtonbarbosa/dev/udacity-react-nanodegree/reactnd-project-myreads-starter/src/BookList.js": {"path":"/home/wellingtonbarbosa/dev/udacity-react-nanodegree/reactnd-project-myreads-starter/src/BookList.js","statementMap":{"0":{"start":{"line":7,"column":16},"end":{"line":7,"column":50}},"1":{"start":{"line":20,"column":8},"end":{"line":20,"column":61}},"2":{"start":{"line":30,"column":12},"end":{"line":30,"column":22}},"3":{"start":{"line":32,"column":8},"end":{"line":69,"column":10}}},"fnMap":{"0":{"name":"(anonymous_0)","decl":{"start":{"line":19,"column":30},"end":{"line":19,"column":31}},"loc":{"start":{"line":19,"column":52},"end":{"line":21,"column":5}},"line":19},"1":{"name":"(anonymous_1)","decl":{"start":{"line":23,"column":4},"end":{"line":23,"column":5}},"loc":{"start":{"line":23,"column":13},"end":{"line":70,"column":5}},"line":23}},"branchMap":{},"s":{"0":1,"1":0,"2":20,"3":20},"f":{"0":0,"1":20},"b":{},"_coverageSchema":"332fd63041d2c1bcb487cc26dd0d5f7d97098a6c","hash":"1229c2df469f284a9d30fb4917ccec87659f49c9"}
,"/home/wellingtonbarbosa/dev/udacity-react-nanodegree/reactnd-project-myreads-starter/src/BooksAPI.js": {"path":"/home/wellingtonbarbosa/dev/udacity-react-nanodegree/reactnd-project-myreads-starter/src/BooksAPI.js","statementMap":{"0":{"start":{"line":2,"column":12},"end":{"line":2,"column":51}},"1":{"start":{"line":6,"column":24},"end":{"line":12,"column":1}},"2":{"start":{"line":7,"column":14},"end":{"line":7,"column":32}},"3":{"start":{"line":8,"column":2},"end":{"line":10,"column":3}},"4":{"start":{"line":9,"column":4},"end":{"line":9,"column":70}},"5":{"start":{"line":11,"column":2},"end":{"line":11,"column":15}},"6":{"start":{"line":14,"column":16},"end":{"line":17,"column":1}},"7":{"start":{"line":19,"column":19},"end":{"line":22,"column":28}},"8":{"start":{"line":20,"column":2},"end":{"line":22,"column":28}},"9":{"start":{"line":21,"column":17},"end":{"line":21,"column":27}},"10":{"start":{"line":22,"column":18},"end":{"line":22,"column":27}},"11":{"start":{"line":24,"column":22},"end":{"line":27,"column":29}},"12":{"start":{"line":25,"column":2},"end":{"line":27,"column":29}},"13":{"start":{"line":26,"column":17},"end":{"line":26,"column":27}},"14":{"start":{"line":27,"column":18},"end":{"line":27,"column":28}},"15":{"start":{"line":29,"column":22},"end":{"line":37,"column":28}},"16":{"start":{"line":30,"column":2},"end":{"line":37,"column":28}},"17":{"start":{"line":37,"column":17},"end":{"line":37,"column":27}},"18":{"start":{"line":39,"column":22},"end":{"line":48,"column":29}},"19":{"start":{"line":40,"column":2},"end":{"line":48,"column":29}},"20":{"start":{"line":47,"column":17},"end":{"line":47,"column":27}},"21":{"start":{"line":48,"column":18},"end":{"line":48,"column":28}}},"fnMap":{"0":{"name":"(anonymous_0)","decl":{"start":{"line":6,"column":24},"end":{"line":6,"column":25}},"loc":{"start":{"line":6,"column":30},"end":{"line":12,"column":1}},"line":6},"1":{"name":"(anonymous_1)","decl":{"start":{"line":19,"column":19},"end":{"line":19,"column":20}},"loc":{"start":{"line":20,"column":2},"end":{"line":22,"column":28}},"line":20},"2":{"name":"(anonymous_2)","decl":{"start":{"line":21,"column":10},"end":{"line":21,"column":11}},"loc":{"start":{"line":21,"column":17},"end":{"line":21,"column":27}},"line":21},"3":{"name":"(anonymous_3)","decl":{"start":{"line":22,"column":10},"end":{"line":22,"column":11}},"loc":{"start":{"line":22,"column":18},"end":{"line":22,"column":27}},"line":22},"4":{"name":"(anonymous_4)","decl":{"start":{"line":24,"column":22},"end":{"line":24,"column":23}},"loc":{"start":{"line":25,"column":2},"end":{"line":27,"column":29}},"line":25},"5":{"name":"(anonymous_5)","decl":{"start":{"line":26,"column":10},"end":{"line":26,"column":11}},"loc":{"start":{"line":26,"column":17},"end":{"line":26,"column":27}},"line":26},"6":{"name":"(anonymous_6)","decl":{"start":{"line":27,"column":10},"end":{"line":27,"column":11}},"loc":{"start":{"line":27,"column":18},"end":{"line":27,"column":28}},"line":27},"7":{"name":"(anonymous_7)","decl":{"start":{"line":29,"column":22},"end":{"line":29,"column":23}},"loc":{"start":{"line":30,"column":2},"end":{"line":37,"column":28}},"line":30},"8":{"name":"(anonymous_8)","decl":{"start":{"line":37,"column":10},"end":{"line":37,"column":11}},"loc":{"start":{"line":37,"column":17},"end":{"line":37,"column":27}},"line":37},"9":{"name":"(anonymous_9)","decl":{"start":{"line":39,"column":22},"end":{"line":39,"column":23}},"loc":{"start":{"line":40,"column":2},"end":{"line":48,"column":29}},"line":40},"10":{"name":"(anonymous_10)","decl":{"start":{"line":47,"column":10},"end":{"line":47,"column":11}},"loc":{"start":{"line":47,"column":17},"end":{"line":47,"column":27}},"line":47},"11":{"name":"(anonymous_11)","decl":{"start":{"line":48,"column":10},"end":{"line":48,"column":11}},"loc":{"start":{"line":48,"column":18},"end":{"line":48,"column":28}},"line":48}},"branchMap":{"0":{"loc":{"start":{"line":8,"column":2},"end":{"line":10,"column":3}},"type":"if","locations":[{"start":{"line":8,"column":2},"end":{"line":10,"column":3}},{"start":{"line":8,"column":2},"end":{"line":10,"column":3}}],"line":8}},"s":{"0":1,"1":1,"2":1,"3":1,"4":1,"5":1,"6":1,"7":1,"8":0,"9":0,"10":0,"11":1,"12":9,"13":9,"14":9,"15":1,"16":4,"17":4,"18":1,"19":0,"20":0,"21":0},"f":{"0":1,"1":0,"2":0,"3":0,"4":9,"5":9,"6":9,"7":4,"8":4,"9":0,"10":0,"11":0},"b":{"0":[1,0]},"_coverageSchema":"332fd63041d2c1bcb487cc26dd0d5f7d97098a6c","hash":"2b03f968a667d37d2ebe05f052315b27df581dd2"}
,"/home/wellingtonbarbosa/dev/udacity-react-nanodegree/reactnd-project-myreads-starter/src/BooksGrid.js": {"path":"/home/wellingtonbarbosa/dev/udacity-react-nanodegree/reactnd-project-myreads-starter/src/BooksGrid.js","statementMap":{"0":{"start":{"line":16,"column":8},"end":{"line":16,"column":61}},"1":{"start":{"line":26,"column":12},"end":{"line":26,"column":22}},"2":{"start":{"line":28,"column":8},"end":{"line":41,"column":10}},"3":{"start":{"line":31,"column":20},"end":{"line":38,"column":25}}},"fnMap":{"0":{"name":"(anonymous_0)","decl":{"start":{"line":15,"column":23},"end":{"line":15,"column":24}},"loc":{"start":{"line":15,"column":45},"end":{"line":17,"column":5}},"line":15},"1":{"name":"(anonymous_1)","decl":{"start":{"line":19,"column":4},"end":{"line":19,"column":5}},"loc":{"start":{"line":19,"column":13},"end":{"line":42,"column":5}},"line":19},"2":{"name":"(anonymous_2)","decl":{"start":{"line":30,"column":27},"end":{"line":30,"column":28}},"loc":{"start":{"line":31,"column":20},"end":{"line":38,"column":25}},"line":31}},"branchMap":{},"s":{"0":0,"1":36,"2":36,"3":10},"f":{"0":0,"1":36,"2":10},"b":{},"_coverageSchema":"332fd63041d2c1bcb487cc26dd0d5f7d97098a6c","hash":"ab296388caf6afb1d3f977ee1fd7e31e6081da87"}
,"/home/wellingtonbarbosa/dev/udacity-react-nanodegree/reactnd-project-myreads-starter/src/Bookshelf.js": {"path":"/home/wellingtonbarbosa/dev/udacity-react-nanodegree/reactnd-project-myreads-starter/src/Bookshelf.js","statementMap":{"0":{"start":{"line":14,"column":8},"end":{"line":14,"column":64}},"1":{"start":{"line":19,"column":42},"end":{"line":19,"column":52}},"2":{"start":{"line":21,"column":8},"end":{"line":30,"column":10}}},"fnMap":{"0":{"name":"(anonymous_0)","decl":{"start":{"line":13,"column":27},"end":{"line":13,"column":28}},"loc":{"start":{"line":13,"column":49},"end":{"line":15,"column":5}},"line":13},"1":{"name":"(anonymous_1)","decl":{"start":{"line":17,"column":4},"end":{"line":17,"column":5}},"loc":{"start":{"line":17,"column":13},"end":{"line":31,"column":5}},"line":17}},"branchMap":{},"s":{"0":0,"1":10,"2":10},"f":{"0":0,"1":10},"b":{},"_coverageSchema":"332fd63041d2c1bcb487cc26dd0d5f7d97098a6c","hash":"dc0f37e96714223ddcabecc051b9af38f62c9738"}
,"/home/wellingtonbarbosa/dev/udacity-react-nanodegree/reactnd-project-myreads-starter/src/BookshelfChanger.js": {"path":"/home/wellingtonbarbosa/dev/udacity-react-nanodegree/reactnd-project-myreads-starter/src/BookshelfChanger.js","statementMap":{"0":{"start":{"line":12,"column":8},"end":{"line":12,"column":58}},"1":{"start":{"line":13,"column":8},"end":{"line":13,"column":59}},"2":{"start":{"line":17,"column":31},"end":{"line":17,"column":41}},"3":{"start":{"line":18,"column":8},"end":{"line":28,"column":10}}},"fnMap":{"0":{"name":"(anonymous_0)","decl":{"start":{"line":11,"column":13},"end":{"line":11,"column":14}},"loc":{"start":{"line":11,"column":24},"end":{"line":14,"column":5}},"line":11},"1":{"name":"(anonymous_1)","decl":{"start":{"line":16,"column":4},"end":{"line":16,"column":5}},"loc":{"start":{"line":16,"column":13},"end":{"line":29,"column":5}},"line":16}},"branchMap":{},"s":{"0":0,"1":0,"2":10,"3":10},"f":{"0":0,"1":10},"b":{},"_coverageSchema":"332fd63041d2c1bcb487cc26dd0d5f7d97098a6c","hash":"6dd005aae131f88d79645356d7424f939b5ba24c"}
,"/home/wellingtonbarbosa/dev/udacity-react-nanodegree/reactnd-project-myreads-starter/src/If.js": {"path":"/home/wellingtonbarbosa/dev/udacity-react-nanodegree/reactnd-project-myreads-starter/src/If.js","statementMap":{"0":{"start":{"line":1,"column":11},"end":{"line":1,"column":60}},"1":{"start":{"line":1,"column":36},"end":{"line":1,"column":59}}},"fnMap":{"0":{"name":"(anonymous_0)","decl":{"start":{"line":1,"column":11},"end":{"line":1,"column":12}},"loc":{"start":{"line":1,"column":36},"end":{"line":1,"column":59}},"line":1}},"branchMap":{"0":{"loc":{"start":{"line":1,"column":36},"end":{"line":1,"column":59}},"type":"cond-expr","locations":[{"start":{"line":1,"column":43},"end":{"line":1,"column":51}},{"start":{"line":1,"column":54},"end":{"line":1,"column":59}}],"line":1}},"s":{"0":1,"1":54},"f":{"0":54},"b":{"0":[10,44]},"_coverageSchema":"332fd63041d2c1bcb487cc26dd0d5f7d97098a6c","hash":"c78f0ccef28dbca4552bd6b9591593138f1c554a"}
,"/home/wellingtonbarbosa/dev/udacity-react-nanodegree/reactnd-project-myreads-starter/src/SearchBooks.js": {"path":"/home/wellingtonbarbosa/dev/udacity-react-nanodegree/reactnd-project-myreads-starter/src/SearchBooks.js","statementMap":{"0":{"start":{"line":7,"column":16},"end":{"line":7,"column":50}},"1":{"start":{"line":26,"column":8},"end":{"line":26,"column":41}},"2":{"start":{"line":30,"column":8},"end":{"line":30,"column":63}},"3":{"start":{"line":34,"column":8},"end":{"line":34,"column":43}},"4":{"start":{"line":35,"column":8},"end":{"line":40,"column":11}},"5":{"start":{"line":36,"column":12},"end":{"line":36,"column":48}},"6":{"start":{"line":37,"column":12},"end":{"line":39,"column":13}},"7":{"start":{"line":38,"column":16},"end":{"line":38,"column":48}},"8":{"start":{"line":44,"column":8},"end":{"line":44,"column":35}},"9":{"start":{"line":48,"column":8},"end":{"line":48,"column":61}},"10":{"start":{"line":53,"column":67},"end":{"line":53,"column":77}},"11":{"start":{"line":55,"column":59},"end":{"line":55,"column":69}},"12":{"start":{"line":57,"column":8},"end":{"line":76,"column":10}}},"fnMap":{"0":{"name":"(anonymous_0)","decl":{"start":{"line":25,"column":26},"end":{"line":25,"column":27}},"loc":{"start":{"line":25,"column":45},"end":{"line":27,"column":5}},"line":25},"1":{"name":"(anonymous_1)","decl":{"start":{"line":29,"column":30},"end":{"line":29,"column":31}},"loc":{"start":{"line":29,"column":46},"end":{"line":31,"column":5}},"line":29},"2":{"name":"(anonymous_2)","decl":{"start":{"line":33,"column":20},"end":{"line":33,"column":21}},"loc":{"start":{"line":33,"column":31},"end":{"line":41,"column":5}},"line":33},"3":{"name":"(anonymous_3)","decl":{"start":{"line":35,"column":40},"end":{"line":35,"column":41}},"loc":{"start":{"line":35,"column":51},"end":{"line":40,"column":9}},"line":35},"4":{"name":"(anonymous_4)","decl":{"start":{"line":43,"column":20},"end":{"line":43,"column":21}},"loc":{"start":{"line":43,"column":26},"end":{"line":45,"column":5}},"line":43},"5":{"name":"(anonymous_5)","decl":{"start":{"line":47,"column":33},"end":{"line":47,"column":34}},"loc":{"start":{"line":47,"column":55},"end":{"line":49,"column":5}},"line":47},"6":{"name":"(anonymous_6)","decl":{"start":{"line":51,"column":4},"end":{"line":51,"column":5}},"loc":{"start":{"line":51,"column":13},"end":{"line":77,"column":5}},"line":51}},"branchMap":{"0":{"loc":{"start":{"line":37,"column":12},"end":{"line":39,"column":13}},"type":"if","locations":[{"start":{"line":37,"column":12},"end":{"line":39,"column":13}},{"start":{"line":37,"column":12},"end":{"line":39,"column":13}}],"line":37},"1":{"loc":{"start":{"line":37,"column":16},"end":{"line":37,"column":41}},"type":"binary-expr","locations":[{"start":{"line":37,"column":16},"end":{"line":37,"column":21}},{"start":{"line":37,"column":25},"end":{"line":37,"column":41}}],"line":37}},"s":{"0":1,"1":0,"2":0,"3":0,"4":0,"5":0,"6":0,"7":0,"8":0,"9":0,"10":26,"11":26,"12":26},"f":{"0":0,"1":0,"2":0,"3":0,"4":0,"5":0,"6":26},"b":{"0":[0,0],"1":[0,0]},"_coverageSchema":"332fd63041d2c1bcb487cc26dd0d5f7d97098a6c","hash":"65ff7441fcb403099e29c1c7b69130505ab94e5b"}
,"/home/wellingtonbarbosa/dev/udacity-react-nanodegree/reactnd-project-myreads-starter/src/SearchBooksBar.js": {"path":"/home/wellingtonbarbosa/dev/udacity-react-nanodegree/reactnd-project-myreads-starter/src/SearchBooksBar.js","statementMap":{"0":{"start":{"line":16,"column":4},"end":{"line":16,"column":29}},"1":{"start":{"line":17,"column":4},"end":{"line":19,"column":5}},"2":{"start":{"line":18,"column":6},"end":{"line":18,"column":38}},"3":{"start":{"line":24,"column":22},"end":{"line":24,"column":32}},"4":{"start":{"line":26,"column":4},"end":{"line":37,"column":6}},"5":{"start":{"line":28,"column":51},"end":{"line":28,"column":77}},"6":{"start":{"line":34,"column":33},"end":{"line":34,"column":69}}},"fnMap":{"0":{"name":"(anonymous_0)","decl":{"start":{"line":15,"column":16},"end":{"line":15,"column":17}},"loc":{"start":{"line":15,"column":27},"end":{"line":20,"column":3}},"line":15},"1":{"name":"(anonymous_1)","decl":{"start":{"line":22,"column":2},"end":{"line":22,"column":3}},"loc":{"start":{"line":22,"column":11},"end":{"line":38,"column":3}},"line":22},"2":{"name":"(anonymous_2)","decl":{"start":{"line":28,"column":45},"end":{"line":28,"column":46}},"loc":{"start":{"line":28,"column":51},"end":{"line":28,"column":77}},"line":28},"3":{"name":"(anonymous_3)","decl":{"start":{"line":34,"column":22},"end":{"line":34,"column":23}},"loc":{"start":{"line":34,"column":33},"end":{"line":34,"column":69}},"line":34}},"branchMap":{"0":{"loc":{"start":{"line":17,"column":4},"end":{"line":19,"column":5}},"type":"if","locations":[{"start":{"line":17,"column":4},"end":{"line":19,"column":5}},{"start":{"line":17,"column":4},"end":{"line":19,"column":5}}],"line":17}},"s":{"0":0,"1":0,"2":0,"3":26,"4":26,"5":0,"6":0},"f":{"0":0,"1":26,"2":0,"3":0},"b":{"0":[0,0]},"_coverageSchema":"332fd63041d2c1bcb487cc26dd0d5f7d97098a6c","hash":"67c8f8906186601e5ea1bb0fa2a3bf027dc6c342"}
,"/home/wellingtonbarbosa/dev/udacity-react-nanodegree/reactnd-project-myreads-starter/src/SearchBooksResults.js": {"path":"/home/wellingtonbarbosa/dev/udacity-react-nanodegree/reactnd-project-myreads-starter/src/SearchBooksResults.js","statementMap":{"0":{"start":{"line":16,"column":8},"end":{"line":16,"column":54}},"1":{"start":{"line":26,"column":12},"end":{"line":26,"column":22}},"2":{"start":{"line":28,"column":8},"end":{"line":37,"column":10}}},"fnMap":{"0":{"name":"(anonymous_0)","decl":{"start":{"line":15,"column":27},"end":{"line":15,"column":28}},"loc":{"start":{"line":15,"column":49},"end":{"line":17,"column":5}},"line":15},"1":{"name":"(anonymous_1)","decl":{"start":{"line":19,"column":4},"end":{"line":19,"column":5}},"loc":{"start":{"line":19,"column":13},"end":{"line":38,"column":5}},"line":19}},"branchMap":{},"s":{"0":0,"1":26,"2":26},"f":{"0":0,"1":26},"b":{},"_coverageSchema":"332fd63041d2c1bcb487cc26dd0d5f7d97098a6c","hash":"9c7605c3ac39417a36b3334bc527702c679fa03a"}
,"/home/wellingtonbarbosa/dev/udacity-react-nanodegree/reactnd-project-myreads-starter/src/setupTests.js": {"path":"/home/wellingtonbarbosa/dev/udacity-react-nanodegree/reactnd-project-myreads-starter/src/setupTests.js","statementMap":{"0":{"start":{"line":2,"column":25},"end":{"line":6,"column":1}},"1":{"start":{"line":7,"column":0},"end":{"line":7,"column":39}}},"fnMap":{},"branchMap":{},"s":{"0":1,"1":1},"f":{},"b":{},"_coverageSchema":"332fd63041d2c1bcb487cc26dd0d5f7d97098a6c","hash":"96f16a7d024295a3fd18b532ddecbf3ab5a5266d"}
}
