TN:
SF:/home/wellingtonbarbosa/dev/udacity-react-nanodegree/reactnd-project-myreads-starter/src/App.js
FN:24,(anonymous_0)
FN:25,(anonymous_1)
FN:31,(anonymous_2)
FN:32,(anonymous_3)
FN:33,(anonymous_4)
FN:34,(anonymous_5)
FN:38,(anonymous_6)
FN:39,(anonymous_7)
FN:41,(anonymous_8)
FN:57,(anonymous_9)
FN:68,(anonymous_10)
FN:76,(anonymous_11)
FN:81,(anonymous_12)
FNF:13
FNH:13
FNDA:5,(anonymous_0)
FNDA:5,(anonymous_1)
FNDA:9,(anonymous_2)
FNDA:7,(anonymous_3)
FNDA:7,(anonymous_4)
FNDA:7,(anonymous_5)
FNDA:4,(anonymous_6)
FNDA:2,(anonymous_7)
FNDA:2,(anonymous_8)
FNDA:47,(anonymous_9)
FNDA:20,(anonymous_10)
FNDA:26,(anonymous_11)
FNDA:1,(anonymous_12)
DA:8,1
DA:25,5
DA:26,5
DA:27,5
DA:32,9
DA:33,9
DA:34,9
DA:35,9
DA:39,4
DA:41,4
DA:43,4
DA:44,2
DA:45,2
DA:47,2
DA:50,4
DA:52,4
DA:54,4
DA:64,47
DA:66,47
DA:69,20
DA:77,26
DA:81,1
LF:22
LH:22
BRDA:43,0,0,2
BRDA:43,0,1,2
BRF:2
BRH:2
end_of_record
TN:
SF:/home/wellingtonbarbosa/dev/udacity-react-nanodegree/reactnd-project-myreads-starter/src/Book.js
FN:19,(anonymous_0)
FN:23,(anonymous_1)
FN:31,(anonymous_2)
FN:32,(anonymous_3)
FN:33,(anonymous_4)
FN:47,(anonymous_5)
FN:51,(anonymous_6)
FN:59,(anonymous_7)
FN:73,(anonymous_8)
FNF:9
FNH:5
FNDA:3,(anonymous_0)
FNDA:3,(anonymous_1)
FNDA:0,(anonymous_2)
FNDA:0,(anonymous_3)
FNDA:0,(anonymous_4)
FNDA:0,(anonymous_5)
FNDA:10,(anonymous_6)
FNDA:10,(anonymous_7)
FNDA:10,(anonymous_8)
DA:20,3
DA:24,3
DA:25,3
DA:26,3
DA:28,3
DA:30,3
DA:31,0
DA:32,0
DA:33,0
DA:35,0
DA:36,0
DA:37,0
DA:38,0
DA:39,0
DA:40,0
DA:44,3
DA:48,0
DA:52,10
DA:53,0
DA:55,10
DA:61,10
DA:63,10
DA:74,10
LF:23
LH:12
BRDA:30,0,0,0
BRDA:30,0,1,3
BRDA:30,1,0,3
BRDA:30,1,1,0
BRDA:30,1,2,0
BRDA:35,2,0,0
BRDA:35,2,1,0
BRDA:37,3,0,0
BRDA:37,3,1,0
BRDA:39,4,0,0
BRDA:39,4,1,0
BRDA:52,5,0,0
BRDA:52,5,1,10
BRDA:52,6,0,10
BRDA:52,6,1,0
BRDA:69,7,0,10
BRDA:69,7,1,0
BRDA:73,8,0,10
BRDA:73,8,1,0
BRF:19
BRH:6
end_of_record
TN:
SF:/home/wellingtonbarbosa/dev/udacity-react-nanodegree/reactnd-project-myreads-starter/src/BookList.js
FN:19,(anonymous_0)
FN:23,(anonymous_1)
FNF:2
FNH:1
FNDA:0,(anonymous_0)
FNDA:20,(anonymous_1)
DA:7,1
DA:20,0
DA:30,20
DA:32,20
LF:4
LH:3
BRF:0
BRH:0
end_of_record
TN:
SF:/home/wellingtonbarbosa/dev/udacity-react-nanodegree/reactnd-project-myreads-starter/src/BooksAPI.js
FN:6,(anonymous_0)
FN:19,(anonymous_1)
FN:21,(anonymous_2)
FN:22,(anonymous_3)
FN:24,(anonymous_4)
FN:26,(anonymous_5)
FN:27,(anonymous_6)
FN:29,(anonymous_7)
FN:37,(anonymous_8)
FN:39,(anonymous_9)
FN:47,(anonymous_10)
FN:48,(anonymous_11)
FNF:12
FNH:6
FNDA:1,(anonymous_0)
FNDA:0,(anonymous_1)
FNDA:0,(anonymous_2)
FNDA:0,(anonymous_3)
FNDA:9,(anonymous_4)
FNDA:9,(anonymous_5)
FNDA:9,(anonymous_6)
FNDA:4,(anonymous_7)
FNDA:4,(anonymous_8)
FNDA:0,(anonymous_9)
FNDA:0,(anonymous_10)
FNDA:0,(anonymous_11)
DA:2,1
DA:6,1
DA:7,1
DA:8,1
DA:9,1
DA:11,1
DA:14,1
DA:19,1
DA:20,0
DA:21,0
DA:22,0
DA:24,1
DA:25,9
DA:26,9
DA:27,9
DA:29,1
DA:30,4
DA:37,4
DA:39,1
DA:40,0
DA:47,0
DA:48,0
LF:22
LH:16
BRDA:8,0,0,1
BRDA:8,0,1,0
BRF:2
BRH:1
end_of_record
TN:
SF:/home/wellingtonbarbosa/dev/udacity-react-nanodegree/reactnd-project-myreads-starter/src/BooksGrid.js
FN:15,(anonymous_0)
FN:19,(anonymous_1)
FN:30,(anonymous_2)
FNF:3
FNH:2
FNDA:0,(anonymous_0)
FNDA:36,(anonymous_1)
FNDA:10,(anonymous_2)
DA:16,0
DA:26,36
DA:28,36
DA:31,10
LF:4
LH:3
BRF:0
BRH:0
end_of_record
TN:
SF:/home/wellingtonbarbosa/dev/udacity-react-nanodegree/reactnd-project-myreads-starter/src/Bookshelf.js
FN:13,(anonymous_0)
FN:17,(anonymous_1)
FNF:2
FNH:1
FNDA:0,(anonymous_0)
FNDA:10,(anonymous_1)
DA:14,0
DA:19,10
DA:21,10
LF:3
LH:2
BRF:0
BRH:0
end_of_record
TN:
SF:/home/wellingtonbarbosa/dev/udacity-react-nanodegree/reactnd-project-myreads-starter/src/BookshelfChanger.js
FN:11,(anonymous_0)
FN:16,(anonymous_1)
FNF:2
FNH:1
FNDA:0,(anonymous_0)
FNDA:10,(anonymous_1)
DA:12,0
DA:13,0
DA:17,10
DA:18,10
LF:4
LH:2
BRF:0
BRH:0
end_of_record
TN:
SF:/home/wellingtonbarbosa/dev/udacity-react-nanodegree/reactnd-project-myreads-starter/src/If.js
FN:1,(anonymous_0)
FNF:1
FNH:1
FNDA:54,(anonymous_0)
DA:1,54
LF:1
LH:1
BRDA:1,0,0,10
BRDA:1,0,1,44
BRF:2
BRH:2
end_of_record
TN:
SF:/home/wellingtonbarbosa/dev/udacity-react-nanodegree/reactnd-project-myreads-starter/src/SearchBooks.js
FN:25,(anonymous_0)
FN:29,(anonymous_1)
FN:33,(anonymous_2)
FN:35,(anonymous_3)
FN:43,(anonymous_4)
FN:47,(anonymous_5)
FN:51,(anonymous_6)
FNF:7
FNH:1
FNDA:0,(anonymous_0)
FNDA:0,(anonymous_1)
FNDA:0,(anonymous_2)
FNDA:0,(anonymous_3)
FNDA:0,(anonymous_4)
FNDA:0,(anonymous_5)
FNDA:26,(anonymous_6)
DA:7,1
DA:26,0
DA:30,0
DA:34,0
DA:35,0
DA:36,0
DA:37,0
DA:38,0
DA:44,0
DA:48,0
DA:53,26
DA:55,26
DA:57,26
LF:13
LH:4
BRDA:37,0,0,0
BRDA:37,0,1,0
BRDA:37,1,0,0
BRDA:37,1,1,0
BRF:4
BRH:0
end_of_record
TN:
SF:/home/wellingtonbarbosa/dev/udacity-react-nanodegree/reactnd-project-myreads-starter/src/SearchBooksBar.js
FN:15,(anonymous_0)
FN:22,(anonymous_1)
FN:28,(anonymous_2)
FN:34,(anonymous_3)
FNF:4
FNH:1
FNDA:0,(anonymous_0)
FNDA:26,(anonymous_1)
FNDA:0,(anonymous_2)
FNDA:0,(anonymous_3)
DA:16,0
DA:17,0
DA:18,0
DA:24,26
DA:26,26
DA:28,0
DA:34,0
LF:7
LH:2
BRDA:17,0,0,0
BRDA:17,0,1,0
BRF:2
BRH:0
end_of_record
TN:
SF:/home/wellingtonbarbosa/dev/udacity-react-nanodegree/reactnd-project-myreads-starter/src/SearchBooksResults.js
FN:15,(anonymous_0)
FN:19,(anonymous_1)
FNF:2
FNH:1
FNDA:0,(anonymous_0)
FNDA:26,(anonymous_1)
DA:16,0
DA:26,26
DA:28,26
LF:3
LH:2
BRF:0
BRH:0
end_of_record
TN:
SF:/home/wellingtonbarbosa/dev/udacity-react-nanodegree/reactnd-project-myreads-starter/src/setupTests.js
FNF:0
FNH:0
DA:2,1
DA:7,1
LF:2
LH:2
BRF:0
BRH:0
end_of_record
